<?xml version="1.0" encoding="UTF-8"?>
<testng-results ignored="0" total="1" passed="1" failed="0" skipped="0">
  <reporter-output>
  </reporter-output>
  <suite started-at="2024-01-02T07:57:18 IST" name="Surefire suite" finished-at="2024-01-02T07:57:29 IST" duration-ms="10251">
    <groups>
      <group name="cucumber">
        <method signature="AbstractTestNGCucumberTests.runScenario(io.cucumber.testng.PickleWrapper,io.cucumber.testng.FeatureWrapper)[pri:0, instance:cucumberoptions.TestNGTestRunner@2f7c2f4f]" name="runScenario" class="io.cucumber.testng.AbstractTestNGCucumberTests"/>
      </group> <!-- cucumber -->
    </groups>
    <test started-at="2024-01-02T07:57:18 IST" name="Surefire test" finished-at="2024-01-02T07:57:29 IST" duration-ms="10251">
      <class name="cucumberoptions.TestNGTestRunner">
        <test-method is-config="true" signature="setUpClass(org.testng.ITestContext)[pri:0, instance:cucumberoptions.TestNGTestRunner@2f7c2f4f]" started-at="2024-01-02T07:57:19 IST" name="setUpClass" finished-at="2024-01-02T07:57:19 IST" duration-ms="822" status="PASS">
          <params>
            <param index="0">
              <value>
                <![CDATA[org.testng.TestRunner@398474a2]]>
              </value>
            </param>
          </params>
          <reporter-output>
          </reporter-output>
        </test-method> <!-- setUpClass -->
        <test-method signature="runScenario(io.cucumber.testng.PickleWrapper,io.cucumber.testng.FeatureWrapper)[pri:0, instance:cucumberoptions.TestNGTestRunner@2f7c2f4f]" started-at="2024-01-02T07:57:19 IST" name="runScenario" description="Runs Cucumber Scenarios" data-provider="scenarios" finished-at="2024-01-02T07:57:28 IST" duration-ms="8700" status="PASS">
          <params>
            <param index="0">
              <value>
                <![CDATA["serach experience for product search in both home and offers page."]]>
              </value>
            </param>
            <param index="1">
              <value>
                <![CDATA["place the order for products"]]>
              </value>
            </param>
          </params>
          <reporter-output>
          </reporter-output>
        </test-method> <!-- runScenario -->
        <test-method is-config="true" signature="tearDownClass()[pri:0, instance:cucumberoptions.TestNGTestRunner@2f7c2f4f]" started-at="2024-01-02T07:57:28 IST" name="tearDownClass" finished-at="2024-01-02T07:57:29 IST" duration-ms="672" status="PASS">
          <reporter-output>
          </reporter-output>
        </test-method> <!-- tearDownClass -->
      </class> <!-- cucumberoptions.TestNGTestRunner -->
    </test> <!-- Surefire test -->
  </suite> <!-- Surefire suite -->
</testng-results>
