<?xml version="1.0" encoding="UTF-8"?>
<testng-results ignored="0" total="10" passed="9" failed="1" skipped="0">
  <reporter-output>
  </reporter-output>
  <suite started-at="2023-10-06T05:41:55 IST" name="Loan Department" finished-at="2023-10-06T05:41:55 IST" duration-ms="163">
    <groups>
      <group name="smoke">
        <method signature="FrameworkDemo4.webLoginHomeLoan()[pri:0, instance:test.FrameworkDemo4@27f981c6]" name="webLoginHomeLoan" class="test.FrameworkDemo4"/>
        <method signature="FramewordDemo.demo()[pri:0, instance:test.FramewordDemo@1a6d8329]" name="demo" class="test.FramewordDemo"/>
      </group> <!-- smoke -->
      <group name="sanity">
        <method signature="FrameworkDemo3.webLogin()[pri:0, instance:test.FrameworkDemo3@51e69659]" name="webLogin" class="test.FrameworkDemo3"/>
        <method signature="frameworkDemo2.frame()[pri:0, instance:test.frameworkDemo2@1a942c18]" name="frame" class="test.frameworkDemo2"/>
      </group> <!-- sanity -->
    </groups>
    <test started-at="2023-10-06T05:41:55 IST" name="Persona loan" finished-at="2023-10-06T05:41:55 IST" duration-ms="117">
      <class name="test.FrameworkDemo3">
        <test-method is-config="true" signature="atLast()[pri:0, instance:test.FrameworkDemo3@51e69659]" started-at="2023-10-06T05:41:55 IST" name="atLast" finished-at="2023-10-06T05:41:55 IST" duration-ms="1" status="PASS">
          <reporter-output>
          </reporter-output>
        </test-method> <!-- atLast -->
      </class> <!-- test.FrameworkDemo3 -->
      <class name="test.frameworkDemo2">
        <test-method is-config="true" signature="Initialize()[pri:0, instance:test.frameworkDemo2@1a942c18]" started-at="2023-10-06T05:41:55 IST" name="Initialize" finished-at="2023-10-06T05:41:55 IST" duration-ms="18" status="PASS">
          <reporter-output>
          </reporter-output>
        </test-method> <!-- Initialize -->
        <test-method is-config="true" signature="prerequisite()[pri:0, instance:test.frameworkDemo2@1a942c18]" started-at="2023-10-06T05:41:55 IST" name="prerequisite" finished-at="2023-10-06T05:41:55 IST" duration-ms="0" status="PASS">
          <reporter-output>
          </reporter-output>
        </test-method> <!-- prerequisite -->
        <test-method signature="frame()[pri:0, instance:test.frameworkDemo2@1a942c18]" started-at="2023-10-06T05:41:55 IST" name="frame" finished-at="2023-10-06T05:41:55 IST" duration-ms="2" status="PASS">
          <reporter-output>
          </reporter-output>
        </test-method> <!-- frame -->
        <test-method is-config="true" signature="postrequisite()[pri:0, instance:test.frameworkDemo2@1a942c18]" started-at="2023-10-06T05:41:55 IST" name="postrequisite" finished-at="2023-10-06T05:41:55 IST" duration-ms="1" status="PASS">
          <reporter-output>
          </reporter-output>
        </test-method> <!-- postrequisite -->
      </class> <!-- test.frameworkDemo2 -->
      <class name="test.FramewordDemo">
        <test-method signature="demo()[pri:0, instance:test.FramewordDemo@1a6d8329]" started-at="2023-10-06T05:41:55 IST" name="demo" finished-at="2023-10-06T05:41:55 IST" duration-ms="12" status="PASS">
          <reporter-output>
          </reporter-output>
        </test-method> <!-- demo -->
      </class> <!-- test.FramewordDemo -->
    </test> <!-- Persona loan -->
    <test started-at="2023-10-06T05:41:55 IST" name="Regression" finished-at="2023-10-06T05:41:55 IST" duration-ms="163">
      <class name="test.FrameworkDemo4">
        <test-method is-config="true" signature="beforeMethod()[pri:0, instance:test.FrameworkDemo4@27f981c6]" started-at="2023-10-06T05:41:55 IST" name="beforeMethod" finished-at="2023-10-06T05:41:55 IST" duration-ms="1" status="PASS">
          <reporter-output>
          </reporter-output>
        </test-method> <!-- beforeMethod -->
        <test-method signature="apiLogin()[pri:0, instance:test.FrameworkDemo4@27f981c6]" started-at="2023-10-06T05:41:55 IST" name="apiLogin" finished-at="2023-10-06T05:41:55 IST" duration-ms="24" status="PASS">
          <reporter-output>
          </reporter-output>
        </test-method> <!-- apiLogin -->
        <test-method is-config="true" signature="afterMethod()[pri:0, instance:test.FrameworkDemo4@27f981c6]" started-at="2023-10-06T05:41:55 IST" name="afterMethod" finished-at="2023-10-06T05:41:55 IST" duration-ms="0" status="PASS">
          <reporter-output>
          </reporter-output>
        </test-method> <!-- afterMethod -->
        <test-method is-config="true" signature="beforeMethod()[pri:0, instance:test.FrameworkDemo4@27f981c6]" started-at="2023-10-06T05:41:55 IST" name="beforeMethod" finished-at="2023-10-06T05:41:55 IST" duration-ms="1" status="PASS">
          <reporter-output>
          </reporter-output>
        </test-method> <!-- beforeMethod -->
        <test-method signature="mobileLoginCarLoan(java.lang.String,java.lang.String)[pri:0, instance:test.FrameworkDemo4@27f981c6]" started-at="2023-10-06T05:41:55 IST" name="mobileLoginCarLoan" data-provider="getData" finished-at="2023-10-06T05:41:55 IST" duration-ms="5" status="PASS">
          <params>
            <param index="0">
              <value>
                <![CDATA[FirstSetUsername]]>
              </value>
            </param>
            <param index="1">
              <value>
                <![CDATA[password]]>
              </value>
            </param>
          </params>
          <reporter-output>
          </reporter-output>
        </test-method> <!-- mobileLoginCarLoan -->
        <test-method is-config="true" signature="afterMethod()[pri:0, instance:test.FrameworkDemo4@27f981c6]" started-at="2023-10-06T05:41:55 IST" name="afterMethod" finished-at="2023-10-06T05:41:55 IST" duration-ms="2" status="PASS">
          <reporter-output>
          </reporter-output>
        </test-method> <!-- afterMethod -->
        <test-method is-config="true" signature="beforeMethod()[pri:0, instance:test.FrameworkDemo4@27f981c6]" started-at="2023-10-06T05:41:55 IST" name="beforeMethod" finished-at="2023-10-06T05:41:55 IST" duration-ms="2" status="PASS">
          <reporter-output>
          </reporter-output>
        </test-method> <!-- beforeMethod -->
        <test-method signature="mobileLoginCarLoan(java.lang.String,java.lang.String)[pri:0, instance:test.FrameworkDemo4@27f981c6]" started-at="2023-10-06T05:41:55 IST" name="mobileLoginCarLoan" data-provider="getData" finished-at="2023-10-06T05:41:55 IST" duration-ms="5" status="PASS">
          <params>
            <param index="0">
              <value>
                <![CDATA[secondSetUsername]]>
              </value>
            </param>
            <param index="1">
              <value>
                <![CDATA[secondpassword]]>
              </value>
            </param>
          </params>
          <reporter-output>
          </reporter-output>
        </test-method> <!-- mobileLoginCarLoan -->
        <test-method is-config="true" signature="afterMethod()[pri:0, instance:test.FrameworkDemo4@27f981c6]" started-at="2023-10-06T05:41:55 IST" name="afterMethod" finished-at="2023-10-06T05:41:55 IST" duration-ms="3" status="PASS">
          <reporter-output>
          </reporter-output>
        </test-method> <!-- afterMethod -->
        <test-method is-config="true" signature="beforeMethod()[pri:0, instance:test.FrameworkDemo4@27f981c6]" started-at="2023-10-06T05:41:55 IST" name="beforeMethod" finished-at="2023-10-06T05:41:55 IST" duration-ms="8" status="PASS">
          <reporter-output>
          </reporter-output>
        </test-method> <!-- beforeMethod -->
        <test-method signature="mobileLoginCarLoan(java.lang.String,java.lang.String)[pri:0, instance:test.FrameworkDemo4@27f981c6]" started-at="2023-10-06T05:41:55 IST" name="mobileLoginCarLoan" data-provider="getData" finished-at="2023-10-06T05:41:55 IST" duration-ms="2" status="PASS">
          <params>
            <param index="0">
              <value>
                <![CDATA[thirdSetUsername]]>
              </value>
            </param>
            <param index="1">
              <value>
                <![CDATA[thirdPassword]]>
              </value>
            </param>
          </params>
          <reporter-output>
          </reporter-output>
        </test-method> <!-- mobileLoginCarLoan -->
        <test-method is-config="true" signature="afterMethod()[pri:0, instance:test.FrameworkDemo4@27f981c6]" started-at="2023-10-06T05:41:55 IST" name="afterMethod" finished-at="2023-10-06T05:41:55 IST" duration-ms="1" status="PASS">
          <reporter-output>
          </reporter-output>
        </test-method> <!-- afterMethod -->
        <test-method is-config="true" signature="beforeMethod()[pri:0, instance:test.FrameworkDemo4@27f981c6]" started-at="2023-10-06T05:41:55 IST" name="beforeMethod" finished-at="2023-10-06T05:41:55 IST" duration-ms="1" status="PASS">
          <reporter-output>
          </reporter-output>
        </test-method> <!-- beforeMethod -->
        <test-method signature="webLoginHomeLoan()[pri:0, instance:test.FrameworkDemo4@27f981c6]" started-at="2023-10-06T05:41:55 IST" name="webLoginHomeLoan" finished-at="2023-10-06T05:41:55 IST" duration-ms="1" status="PASS">
          <reporter-output>
          </reporter-output>
        </test-method> <!-- webLoginHomeLoan -->
        <test-method is-config="true" signature="afterMethod()[pri:0, instance:test.FrameworkDemo4@27f981c6]" started-at="2023-10-06T05:41:55 IST" name="afterMethod" finished-at="2023-10-06T05:41:55 IST" duration-ms="0" status="PASS">
          <reporter-output>
          </reporter-output>
        </test-method> <!-- afterMethod -->
      </class> <!-- test.FrameworkDemo4 -->
      <class name="test.FrameworkDemo3">
        <test-method is-config="true" signature="beforeClass()[pri:0, instance:test.FrameworkDemo3@51e69659]" started-at="2023-10-06T05:41:55 IST" name="beforeClass" finished-at="2023-10-06T05:41:55 IST" duration-ms="3" status="PASS">
          <reporter-output>
          </reporter-output>
        </test-method> <!-- beforeClass -->
        <test-method signature="apiLogin()[pri:0, instance:test.FrameworkDemo3@51e69659]" started-at="2023-10-06T05:41:55 IST" name="apiLogin" finished-at="2023-10-06T05:41:55 IST" duration-ms="58" status="FAIL">
          <exception class="java.lang.AssertionError">
            <message>
              <![CDATA[expected [true] but found [false]]]>
            </message>
            <full-stacktrace>
              <![CDATA[java.lang.AssertionError: expected [true] but found [false]
at org.testng.Assert.fail(Assert.java:111)
at org.testng.Assert.failNotEquals(Assert.java:1578)
at org.testng.Assert.assertTrue(Assert.java:57)
at org.testng.Assert.assertTrue(Assert.java:67)
at test.FrameworkDemo3.apiLogin(FrameworkDemo3.java:34)
at java.base/jdk.internal.reflect.NativeMethodAccessorImpl.invoke0(Native Method)
at java.base/jdk.internal.reflect.NativeMethodAccessorImpl.invoke(NativeMethodAccessorImpl.java:77)
at java.base/jdk.internal.reflect.DelegatingMethodAccessorImpl.invoke(DelegatingMethodAccessorImpl.java:43)
at java.base/java.lang.reflect.Method.invoke(Method.java:568)
at org.testng.internal.invokers.MethodInvocationHelper.invokeMethod(MethodInvocationHelper.java:139)
at org.testng.internal.invokers.TestInvoker.invokeMethod(TestInvoker.java:664)
at org.testng.internal.invokers.TestInvoker.invokeTestMethod(TestInvoker.java:227)
at org.testng.internal.invokers.MethodRunner.runInSequence(MethodRunner.java:50)
at org.testng.internal.invokers.TestInvoker$MethodInvocationAgent.invoke(TestInvoker.java:957)
at org.testng.internal.invokers.TestInvoker.invokeTestMethods(TestInvoker.java:200)
at org.testng.internal.invokers.TestMethodWorker.invokeTestMethods(TestMethodWorker.java:148)
at org.testng.internal.invokers.TestMethodWorker.run(TestMethodWorker.java:128)
at java.base/java.util.concurrent.ThreadPoolExecutor.runWorker(ThreadPoolExecutor.java:1136)
at java.base/java.util.concurrent.ThreadPoolExecutor$Worker.run(ThreadPoolExecutor.java:635)
at java.base/java.lang.Thread.run(Thread.java:833)
]]>
            </full-stacktrace>
          </exception> <!-- java.lang.AssertionError -->
          <reporter-output>
          </reporter-output>
        </test-method> <!-- apiLogin -->
        <test-method signature="mobileLogin()[pri:0, instance:test.FrameworkDemo3@51e69659]" started-at="2023-10-06T05:41:55 IST" name="mobileLogin" finished-at="2023-10-06T05:41:55 IST" duration-ms="1" status="PASS">
          <reporter-output>
          </reporter-output>
        </test-method> <!-- mobileLogin -->
        <test-method signature="webLogin()[pri:0, instance:test.FrameworkDemo3@51e69659]" started-at="2023-10-06T05:41:55 IST" name="webLogin" finished-at="2023-10-06T05:41:55 IST" duration-ms="2" status="PASS">
          <reporter-output>
          </reporter-output>
        </test-method> <!-- webLogin -->
        <test-method is-config="true" signature="afterClass()[pri:0, instance:test.FrameworkDemo3@51e69659]" started-at="2023-10-06T05:41:55 IST" name="afterClass" finished-at="2023-10-06T05:41:55 IST" duration-ms="0" status="PASS">
          <reporter-output>
          </reporter-output>
        </test-method> <!-- afterClass -->
      </class> <!-- test.FrameworkDemo3 -->
    </test> <!-- Regression -->
  </suite> <!-- Loan Department -->
</testng-results>
