<?xml version="1.0" encoding="UTF-8"?>
<!-- Generated by org.testng.reporters.JUnitXMLReporter -->
<testsuite ignored="0" hostname="REDDIPRASAD" failures="0" tests="3" name="Car loan" time="0.012" errors="0" timestamp="2023-10-05T11:31:26 IST">
  <testcase classname="test.FrameworkDemo4" name="apiLogin" time="0.001"/>
  <testcase classname="test.FrameworkDemo4" name="mobileLoginCarLoan" time="0.001"/>
  <testcase classname="test.FrameworkDemo4" name="webLoginHomeLoan" time="0.001"/>
</testsuite> <!-- Car loan -->
