<?xml version="1.0" encoding="UTF-8"?>
<!-- Generated by org.testng.reporters.JUnitXMLReporter -->
<testsuite ignored="0" hostname="REDDIPRASAD" failures="0" tests="6" name="personal loan" time="0.046" errors="0" timestamp="2023-10-05T11:31:26 IST">
  <testcase classname="test.FramewordDemo" name="Demo2" time="0.004"/>
  <testcase classname="test.FramewordDemo" name="demo" time="0.002"/>
  <testcase classname="test.frameworkDemo2" name="frame" time="0.001"/>
  <testcase classname="test.FrameworkDemo3" name="apiLogin" time="0.001"/>
  <testcase classname="test.FrameworkDemo3" name="mobileLogin" time="0.002"/>
  <testcase classname="test.FrameworkDemo3" name="webLogin" time="0.002"/>
</testsuite> <!-- personal loan -->
