<?xml version="1.0" encoding="UTF-8"?>
<!-- Generated by org.testng.reporters.JUnitXMLReporter -->
<testsuite ignored="1" hostname="REDDIPRASAD" failures="0" tests="2" name="Persona loan" time="0.117" errors="0" timestamp="2023-10-06T05:41:55 IST">
  <testcase classname="test.FramewordDemo" name="demo" time="0.012"/>
  <testcase classname="test.frameworkDemo2" name="frame" time="0.002"/>
  <testcase classname="test.FramewordDemo" name="Demo2" time="0.0">
    <ignored/>
  </testcase> <!-- Demo2 -->
</testsuite> <!-- Persona loan -->
