<?xml version="1.0" encoding="UTF-8"?>
<testng-results ignored="0" total="1" passed="1" failed="0" skipped="0">
  <reporter-output>
  </reporter-output>
  <suite started-at="2023-12-13T05:17:24 IST" name="Default suite" finished-at="2023-12-13T05:17:28 IST" duration-ms="3234">
    <groups>
    </groups>
    <test started-at="2023-12-13T05:17:24 IST" name="Default test" finished-at="2023-12-13T05:17:28 IST" duration-ms="3234">
      <class name="Files.StaticdataHandling">
        <test-method signature="addBook()[pri:0, instance:Files.StaticdataHandling@7c24b813]" started-at="2023-12-13T05:17:24 IST" name="addBook" finished-at="2023-12-13T05:17:28 IST" duration-ms="3192" status="PASS">
          <reporter-output>
          </reporter-output>
        </test-method> <!-- addBook -->
      </class> <!-- Files.StaticdataHandling -->
    </test> <!-- Default test -->
  </suite> <!-- Default suite -->
</testng-results>
