<?xml version="1.0" encoding="UTF-8"?>
<testng-results ignored="0" total="1" passed="1" failed="0" skipped="0">
  <reporter-output>
  </reporter-output>
  <suite started-at="2023-10-06T11:11:03 IST" name="Default suite" finished-at="2023-10-06T11:11:03 IST" duration-ms="177">
    <groups>
    </groups>
    <test started-at="2023-10-06T11:11:03 IST" name="Default test" finished-at="2023-10-06T11:11:03 IST" duration-ms="177">
      <class name="JavaprogramsArrays.Parent1">
        <test-method is-config="true" signature="beforeMethod()[pri:0, instance:JavaprogramsArrays.Parent1@130c12b7]" started-at="2023-10-06T11:11:03 IST" name="beforeMethod" finished-at="2023-10-06T11:11:03 IST" duration-ms="16" status="PASS">
          <reporter-output>
          </reporter-output>
        </test-method> <!-- beforeMethod -->
        <test-method signature="testRun()[pri:0, instance:JavaprogramsArrays.Parent1@130c12b7]" started-at="2023-10-06T11:11:03 IST" name="testRun" finished-at="2023-10-06T11:11:03 IST" duration-ms="31" status="PASS">
          <reporter-output>
          </reporter-output>
        </test-method> <!-- testRun -->
      </class> <!-- JavaprogramsArrays.Parent1 -->
    </test> <!-- Default test -->
  </suite> <!-- Default suite -->
</testng-results>
