<?xml version="1.0" encoding="UTF-8"?>
<!-- Generated by org.testng.reporters.JUnitXMLReporter -->
<testsuite ignored="0" hostname="REDDIPRASAD" failures="1" tests="4" name="Error validation message" time="78.802" errors="0" timestamp="2023-10-22T07:51:10 IST">
  <testcase classname="RavitejaAcademy.ErrorValidations" name="loginErrorValidation" time="1.098">
    <skipped/>
  </testcase> <!-- loginErrorValidation -->
  <testcase classname="RavitejaAcademy.ErrorValidations" name="loginErrorValidation" time="1.584">
    <skipped/>
  </testcase> <!-- loginErrorValidation -->
  <testcase classname="RavitejaAcademy.ErrorValidations" name="loginErrorValidation" time="0.962">
    <failure type="java.lang.AssertionError" message="expected [Incorrect email or password.] but found [Incorrect password.]">
      <![CDATA[java.lang.AssertionError: expected [Incorrect email or password.] but found [Incorrect password.]
at RavitejaAcademy.ErrorValidations.loginErrorValidation(ErrorValidations.java:28)
at java.base/java.util.ArrayList.forEach(ArrayList.java:1511)
at java.base/java.util.concurrent.FutureTask.run(FutureTask.java:264)
at java.base/java.util.concurrent.ThreadPoolExecutor.runWorker(ThreadPoolExecutor.java:1136)
at java.base/java.util.concurrent.ThreadPoolExecutor$Worker.run(ThreadPoolExecutor.java:635)
at java.base/java.lang.Thread.run(Thread.java:833)
... Removed 23 stack frames]]>
    </failure>
  </testcase> <!-- loginErrorValidation -->
  <testcase classname="RavitejaAcademy.ErrorValidations" name="submitOrder" time="14.453"/>
</testsuite> <!-- Error validation message -->
