<?xml version="1.0" encoding="UTF-8"?>
<!-- Generated by org.testng.reporters.JUnitXMLReporter -->
<testsuite ignored="0" hostname="REDDIPRASAD" failures="0" tests="4" name="submit order Test" time="94.095" errors="0" timestamp="2023-10-22T07:51:25 IST">
  <testcase classname="RavitejaAcademy.StandaloneTest_for_PageObject" name="submitOrder" time="15.484"/>
  <testcase classname="RavitejaAcademy.StandaloneTest_for_PageObject" name="submitOrder" time="14.886"/>
  <testcase classname="RavitejaAcademy.StandaloneTest_for_PageObject" name="ordersHistory" time="0.966"/>
  <testcase classname="RavitejaAcademy.StandaloneTest_for_PageObject" name="ordersHistory" time="0.88"/>
</testsuite> <!-- submit order Test -->
