<?xml version="1.0" encoding="UTF-8"?>
<testsuite xmlns:xsi="http://www.w3.org/2001/XMLSchema-instance" xsi:noNamespaceSchemaLocation="https://maven.apache.org/surefire/maven-surefire-plugin/xsd/surefire-test-report-3.0.xsd" version="3.0" name="TestSuite" time="87.434" tests="8" errors="0" skipped="2" failures="1">
  <properties>
[...]
</properties>
  <testcase name="loginErrorValidation" classname="RavitejaAcademy.ErrorValidations" time="0.0">
    <skipped message="expected [Incorrect email or password.] but found [Incorrect password.]"/>
    <system-err><![CDATA[SLF4J: Failed to load class "org.slf4j.impl.StaticLoggerBinder".
SLF4J: Defaulting to no-operation (NOP) logger implementation
SLF4J: See http://www.slf4j.org/codes.html#StaticLoggerBinder for further details.
Oct 22, 2023 10:10:23 AM org.openqa.selenium.devtools.CdpVersionFinder findNearestMatch
WARNING: Unable to find an exact match for CDP version 118, so returning the closest version found: 117
Oct 22, 2023 10:10:23 AM org.openqa.selenium.devtools.CdpVersionFinder findNearestMatch
WARNING: Unable to find an exact match for CDP version 118, so returning the closest version found: 117
]]></system-err>
  </testcase>
  <testcase name="loginErrorValidation" classname="RavitejaAcademy.ErrorValidations" time="0.0">
    <skipped message="expected [Incorrect email or password.] but found [Incorrect password.]"/>
    <system-err><![CDATA[Oct 22, 2023 10:10:36 AM org.openqa.selenium.devtools.CdpVersionFinder findNearestMatch
WARNING: Unable to find an exact match for CDP version 118, so returning the closest version found: 117
]]></system-err>
  </testcase>
  <testcase name="loginErrorValidation" classname="RavitejaAcademy.ErrorValidations" time="4.152">
    <failure message="expected [Incorrect email or password.] but found [Incorrect password.]" type="java.lang.AssertionError"><![CDATA[java.lang.AssertionError: expected [Incorrect email or password.] but found [Incorrect password.]
	at org.testng.Assert.fail(Assert.java:111)
	at org.testng.Assert.failNotEquals(Assert.java:1578)
	at org.testng.Assert.assertEqualsImpl(Assert.java:150)
	at org.testng.Assert.assertEquals(Assert.java:132)
	at org.testng.Assert.assertEquals(Assert.java:656)
	at org.testng.Assert.assertEquals(Assert.java:666)
	at RavitejaAcademy.ErrorValidations.loginErrorValidation(ErrorValidations.java:28)
	at java.base/jdk.internal.reflect.NativeMethodAccessorImpl.invoke0(Native Method)
	at java.base/jdk.internal.reflect.NativeMethodAccessorImpl.invoke(NativeMethodAccessorImpl.java:77)
	at java.base/jdk.internal.reflect.DelegatingMethodAccessorImpl.invoke(DelegatingMethodAccessorImpl.java:43)
	at java.base/java.lang.reflect.Method.invoke(Method.java:568)
	at org.testng.internal.invokers.MethodInvocationHelper.invokeMethod(MethodInvocationHelper.java:139)
	at org.testng.internal.invokers.TestInvoker.invokeMethod(TestInvoker.java:664)
	at org.testng.internal.invokers.TestInvoker.retryFailed(TestInvoker.java:248)
	at org.testng.internal.invokers.MethodRunner.runInSequence(MethodRunner.java:62)
	at org.testng.internal.invokers.TestInvoker$MethodInvocationAgent.invoke(TestInvoker.java:957)
	at org.testng.internal.invokers.TestInvoker.invokeTestMethods(TestInvoker.java:200)
	at org.testng.internal.invokers.TestMethodWorker.invokeTestMethods(TestMethodWorker.java:148)
	at org.testng.internal.invokers.TestMethodWorker.run(TestMethodWorker.java:128)
	at java.base/java.util.ArrayList.forEach(ArrayList.java:1511)
	at org.testng.TestRunner.privateRun(TestRunner.java:848)
	at org.testng.TestRunner.run(TestRunner.java:621)
	at org.testng.SuiteRunner.runTest(SuiteRunner.java:443)
	at org.testng.SuiteRunner$SuiteWorker.run(SuiteRunner.java:481)
	at org.testng.internal.thread.ThreadUtil.lambda$execute$0(ThreadUtil.java:58)
	at java.base/java.util.concurrent.FutureTask.run(FutureTask.java:264)
	at java.base/java.util.concurrent.ThreadPoolExecutor.runWorker(ThreadPoolExecutor.java:1136)
	at java.base/java.util.concurrent.ThreadPoolExecutor$Worker.run(ThreadPoolExecutor.java:635)
	at java.base/java.lang.Thread.run(Thread.java:833)
]]></failure>
    <system-err><![CDATA[Oct 22, 2023 10:10:38 AM org.openqa.selenium.devtools.CdpVersionFinder findNearestMatch
WARNING: Unable to find an exact match for CDP version 118, so returning the closest version found: 117
]]></system-err>
  </testcase>
  <testcase name="submitOrder" classname="RavitejaAcademy.ErrorValidations" time="3.017">
    <system-err><![CDATA[Oct 22, 2023 10:11:00 AM org.openqa.selenium.devtools.CdpVersionFinder findNearestMatch
WARNING: Unable to find an exact match for CDP version 118, so returning the closest version found: 117
]]></system-err>
  </testcase>
  <testcase name="submitOrder[{password=Vraviteja@12345, productName=ZARA COAT 3, useremail=raviteja@gmail.com}](1)" classname="RavitejaAcademy.StandaloneTest_for_PageObject" time="4.038">
    <system-err><![CDATA[Oct 22, 2023 10:10:33 AM org.openqa.selenium.devtools.CdpVersionFinder findNearestMatch
WARNING: Unable to find an exact match for CDP version 118, so returning the closest version found: 117
]]></system-err>
  </testcase>
  <testcase name="submitOrder[{password=Vravi@12345, productName=ADIDAS ORIGINAL, useremail=reddiprasad@gmail.com}](2)" classname="RavitejaAcademy.StandaloneTest_for_PageObject" time="6.991">
    <system-err><![CDATA[Oct 22, 2023 10:10:44 AM org.openqa.selenium.devtools.CdpVersionFinder findNearestMatch
WARNING: Unable to find an exact match for CDP version 118, so returning the closest version found: 117
]]></system-err>
  </testcase>
  <testcase name="ordersHistory[{password=Vraviteja@12345, productName=ZARA COAT 3, useremail=raviteja@gmail.com}](1)" classname="RavitejaAcademy.StandaloneTest_for_PageObject" time="0.849">
    <system-err><![CDATA[Oct 22, 2023 10:10:55 AM org.openqa.selenium.devtools.CdpVersionFinder findNearestMatch
WARNING: Unable to find an exact match for CDP version 118, so returning the closest version found: 117
]]></system-err>
  </testcase>
  <testcase name="ordersHistory[{password=Vravi@12345, productName=ADIDAS ORIGINAL, useremail=reddiprasad@gmail.com}](2)" classname="RavitejaAcademy.StandaloneTest_for_PageObject" time="1.009"/>
</testsuite>