<?xml version="1.0" encoding="UTF-8"?>
<testng-results ignored="0" total="1" passed="1" failed="0" skipped="0">
  <reporter-output>
  </reporter-output>
  <suite started-at="2023-10-18T05:03:21 IST" name="Default suite" finished-at="2023-10-18T05:03:29 IST" duration-ms="7135">
    <groups>
    </groups>
    <test started-at="2023-10-18T05:03:21 IST" name="Default test" finished-at="2023-10-18T05:03:29 IST" duration-ms="7135">
      <class name="raviacadamey.ExtentReports.ExtentReportDemo">
        <test-method is-config="true" signature="config()[pri:0, instance:raviacadamey.ExtentReports.ExtentReportDemo@6253c26]" started-at="2023-10-18T05:03:21 IST" name="config" finished-at="2023-10-18T05:03:22 IST" duration-ms="269" status="PASS">
          <reporter-output>
          </reporter-output>
        </test-method> <!-- config -->
        <test-method signature="initialDemo()[pri:0, instance:raviacadamey.ExtentReports.ExtentReportDemo@6253c26]" started-at="2023-10-18T05:03:22 IST" name="initialDemo" finished-at="2023-10-18T05:03:29 IST" duration-ms="6817" status="PASS">
          <reporter-output>
          </reporter-output>
        </test-method> <!-- initialDemo -->
      </class> <!-- raviacadamey.ExtentReports.ExtentReportDemo -->
    </test> <!-- Default test -->
  </suite> <!-- Default suite -->
</testng-results>
