<?xml version="1.0" encoding="UTF-8"?>
<!-- Generated by org.testng.reporters.JUnitXMLReporter -->
<testsuite ignored="0" hostname="REDDIPRASAD" failures="0" tests="5" name="Default test" time="0.113" errors="0" timestamp="2023-10-06T03:43:06 IST">
  <testcase classname="test.FrameworkDemo4" name="apiLogin" time="0.011"/>
  <testcase classname="test.FrameworkDemo4" name="mobileLoginCarLoan" time="0.006"/>
  <testcase classname="test.FrameworkDemo4" name="mobileLoginCarLoan" time="0.004"/>
  <testcase classname="test.FrameworkDemo4" name="mobileLoginCarLoan" time="0.003"/>
  <testcase classname="test.FrameworkDemo4" name="webLoginHomeLoan" time="0.003"/>
</testsuite> <!-- Default test -->
