<?xml version="1.0" encoding="UTF-8"?>
<!-- Generated by org.testng.reporters.JUnitXMLReporter -->
<testsuite ignored="0" hostname="REDDIPRASAD" failures="0" tests="4" name="submit order Test" time="86.362" errors="0" timestamp="2023-10-22T10:11:04 IST">
  <testcase classname="RavitejaAcademy.StandaloneTest_for_PageObject" name="submitOrder" time="4.035"/>
  <testcase classname="RavitejaAcademy.StandaloneTest_for_PageObject" name="submitOrder" time="15.494"/>
  <testcase classname="RavitejaAcademy.StandaloneTest_for_PageObject" name="ordersHistory" time="0.849"/>
  <testcase classname="RavitejaAcademy.StandaloneTest_for_PageObject" name="ordersHistory" time="1.006"/>
</testsuite> <!-- submit order Test -->
