<?xml version="1.0" encoding="UTF-8"?>
<!-- Generated by org.testng.reporters.JUnitXMLReporter -->
<testsuite ignored="0" hostname="REDDIPRASAD" failures="0" tests="5" name="Default test" time="0.869" errors="0" timestamp="2023-10-25T09:02:16 IST">
  <testcase classname="datadrivendemo.dataProvider" name="testCaseData" time="0.007"/>
  <testcase classname="datadrivendemo.dataProvider" name="testCaseData" time="0.003"/>
  <testcase classname="datadrivendemo.dataProvider" name="testCaseData" time="0.002"/>
  <testcase classname="datadrivendemo.dataProvider" name="testCaseData" time="0.002"/>
  <testcase classname="datadrivendemo.dataProvider" name="testCaseData" time="0.003"/>
</testsuite> <!-- Default test -->
