<?xml version="1.0" encoding="UTF-8"?>
<!-- Generated by org.testng.reporters.JUnitReportReporter -->
<testsuite hostname="REDDIPRASAD" failures="1" tests="1" name="cucumberoptions.FailedTestRunner" time="11.248" errors="0" timestamp="2024-01-02T03:26:46 IST" skipped="0">
  <testcase classname="cucumberoptions.FailedTestRunner" name="runScenario" time="11.248">
    <failure message="expected [Beetroot] but found [No data]" type="java.lang.AssertionError">
      <![CDATA[java.lang.AssertionError: expected [Beetroot] but found [No data]
at org.testng.Assert.fail(Assert.java:111)
at org.testng.Assert.failNotEquals(Assert.java:1578)
at org.testng.Assert.assertEqualsImpl(Assert.java:150)
at org.testng.Assert.assertEquals(Assert.java:132)
at org.testng.Assert.assertEquals(Assert.java:656)
at org.testng.Assert.assertEquals(Assert.java:666)
at stepdefinitions.OfferPageStepDefinition.validate_productname_in_offerspage_with_homepage_productname(OfferPageStepDefinition.java:52)
at ✽.validate productname in offerspage with homepage productname(file:///C:/Users/vredd/eclipse-workspace/cucumberframework/src/test/java/features/searchproduct.feature:7)
]]>
    </failure>
  </testcase> <!-- runScenario -->
</testsuite> <!-- cucumberoptions.FailedTestRunner -->
